\BOOKMARK [0][-]{chapter*.1}{}{}% 1
\BOOKMARK [0][-]{chapter*.2}{Prefazione}{}% 2
\BOOKMARK [0][-]{chapter*.4}{Ringraziamenti}{}% 3
\BOOKMARK [0][-]{chapter.1}{Il progetto Spazi-Unimi}{}% 4
\BOOKMARK [1][-]{section.1.1}{Introduzione al progetto}{chapter.1}% 5
\BOOKMARK [1][-]{section.1.2}{Il problema e i dati forniti per risolverlo}{chapter.1}% 6
\BOOKMARK [1][-]{section.1.3}{Scelta di tool, tecnologie e tecniche di sviluppo}{chapter.1}% 7
\BOOKMARK [1][-]{section.1.4}{Estrzione dei dati dai file DXF}{chapter.1}% 8
\BOOKMARK [1][-]{section.1.5}{Estrazione dei dati dai file CSV}{chapter.1}% 9
\BOOKMARK [1][-]{section.1.6}{Salvataggio dei dati in MongoDB}{chapter.1}% 10
\BOOKMARK [0][-]{chapter.2}{Integrazione e validazione delle diverse fonti di dati edilizi}{}% 11
\BOOKMARK [1][-]{section.2.1}{Data Integration: teoria e possibili utilizzi}{chapter.2}% 12
\BOOKMARK [1][-]{section.2.2}{Analisi dei dati \(da DXF e CSV\)}{chapter.2}% 13
\BOOKMARK [1][-]{section.2.3}{Definizione di un sistema non dipendente dall'ordine di esecuzione}{chapter.2}% 14
\BOOKMARK [1][-]{section.2.4}{Strategie di merging dei dati adottate}{chapter.2}% 15
\BOOKMARK [1][-]{section.2.5}{Possibili miglioramenti}{chapter.2}% 16
\BOOKMARK [1][-]{section.2.6}{Reporting degli errori e delle criticit\340}{chapter.2}% 17
\BOOKMARK [1][-]{section.2.7}{Indirizzo ben formato: teoria e possibile utilizzo}{chapter.2}% 18
\BOOKMARK [1][-]{section.2.8}{Definizione di un DBAnalysis per avere statistiche specifiche sul Merge}{chapter.2}% 19
\BOOKMARK [0][-]{chapter.3}{Considerazioni finali e presentazione dei risultati}{}% 20
\BOOKMARK [1][-]{section.3.1}{Definizione di API}{chapter.3}% 21
\BOOKMARK [1][-]{section.3.2}{Statistiche sui tempi di calcolo e di risposta del DB}{chapter.3}% 22
\BOOKMARK [1][-]{section.3.3}{Considerazioni sullo sviluppo del progetto}{chapter.3}% 23
\BOOKMARK [1][-]{section.3.4}{Miglioramenti/crescita dal lato personale}{chapter.3}% 24
